2020-02-19 13:45:26.582  INFO 14260 --- [restartedMain] c.m.project.MindtreeProjectApplication   : Starting MindtreeProjectApplication on LAPTOP-72PM7L6N with PID 14260 (started by royba in C:\Software\Mindtree Project\sollersrepository\mtapp)
2020-02-19 13:45:26.611  INFO 14260 --- [restartedMain] c.m.project.MindtreeProjectApplication   : No active profile set, falling back to default profiles: default
2020-02-19 13:45:38.877  INFO 14260 --- [restartedMain] o.apache.catalina.core.StandardService   : Starting service [Tomcat]
2020-02-19 13:45:38.880  INFO 14260 --- [restartedMain] org.apache.catalina.core.StandardEngine  : Starting Servlet engine: [Apache Tomcat/9.0.30]
2020-02-19 13:45:39.376  INFO 14260 --- [restartedMain] o.a.c.c.C.[Tomcat].[localhost].[/]       : Initializing Spring embedded WebApplicationContext
2020-02-19 13:45:44.063  INFO 14260 --- [restartedMain] com.zaxxer.hikari.HikariDataSource       : HikariPool-1 - Starting...
2020-02-19 13:45:47.155  INFO 14260 --- [restartedMain] com.zaxxer.hikari.HikariDataSource       : HikariPool-1 - Start completed.
2020-02-19 13:45:57.235  INFO 14260 --- [restartedMain] c.m.project.MindtreeProjectApplication   : Started MindtreeProjectApplication in 33.241 seconds (JVM running for 34.977)
2020-02-19 13:46:23.840  INFO 14260 --- [http-nio-8080-exec-1] o.a.c.c.C.[Tomcat].[localhost].[/]       : Initializing Spring DispatcherServlet 'dispatcherServlet'
2020-02-19 14:05:15.405  INFO 13116 --- [restartedMain] c.m.project.MindtreeProjectApplication   : Starting MindtreeProjectApplication on LAPTOP-72PM7L6N with PID 13116 (started by royba in C:\Software\Mindtree Project\sollersrepository\mtapp)
2020-02-19 14:05:15.431  INFO 13116 --- [restartedMain] c.m.project.MindtreeProjectApplication   : No active profile set, falling back to default profiles: default
2020-02-19 14:05:23.553  INFO 13116 --- [restartedMain] o.apache.catalina.core.StandardService   : Starting service [Tomcat]
2020-02-19 14:05:23.557  INFO 13116 --- [restartedMain] org.apache.catalina.core.StandardEngine  : Starting Servlet engine: [Apache Tomcat/9.0.30]
2020-02-19 14:05:23.933  INFO 13116 --- [restartedMain] o.a.c.c.C.[Tomcat].[localhost].[/]       : Initializing Spring embedded WebApplicationContext
2020-02-19 14:05:26.126  INFO 13116 --- [restartedMain] com.zaxxer.hikari.HikariDataSource       : HikariPool-1 - Starting...
2020-02-19 14:05:27.853  INFO 13116 --- [restartedMain] com.zaxxer.hikari.HikariDataSource       : HikariPool-1 - Start completed.
2020-02-19 14:05:35.064  INFO 13116 --- [restartedMain] c.m.project.MindtreeProjectApplication   : Started MindtreeProjectApplication in 22.307 seconds (JVM running for 24.205)
2020-02-19 14:05:58.115  INFO 13116 --- [http-nio-8080-exec-1] o.a.c.c.C.[Tomcat].[localhost].[/]       : Initializing Spring DispatcherServlet 'dispatcherServlet'
2020-02-19 18:57:00.447  INFO 9764 --- [restartedMain] c.m.project.MindtreeProjectApplication   : Starting MindtreeProjectApplication on LAPTOP-72PM7L6N with PID 9764 (started by royba in C:\Software\Mindtree Project\sollersrepository\mtapp)
2020-02-19 18:57:00.460  INFO 9764 --- [restartedMain] c.m.project.MindtreeProjectApplication   : No active profile set, falling back to default profiles: default
2020-02-19 18:57:21.638  INFO 9764 --- [restartedMain] o.apache.catalina.core.StandardService   : Starting service [Tomcat]
2020-02-19 18:57:21.642  INFO 9764 --- [restartedMain] org.apache.catalina.core.StandardEngine  : Starting Servlet engine: [Apache Tomcat/9.0.30]
2020-02-19 18:57:22.365  INFO 9764 --- [restartedMain] o.a.c.c.C.[Tomcat].[localhost].[/]       : Initializing Spring embedded WebApplicationContext
2020-02-19 18:57:27.007  INFO 9764 --- [restartedMain] com.zaxxer.hikari.HikariDataSource       : HikariPool-1 - Starting...
2020-02-19 18:57:29.918  INFO 9764 --- [restartedMain] com.zaxxer.hikari.HikariDataSource       : HikariPool-1 - Start completed.
2020-02-19 18:57:42.373  INFO 9764 --- [restartedMain] c.m.project.MindtreeProjectApplication   : Started MindtreeProjectApplication in 45.902 seconds (JVM running for 51.773)
2020-02-19 18:58:14.381  INFO 9764 --- [http-nio-8080-exec-1] o.a.c.c.C.[Tomcat].[localhost].[/]       : Initializing Spring DispatcherServlet 'dispatcherServlet'
2020-02-19 18:59:18.194  INFO 9764 --- [Thread-5] com.zaxxer.hikari.HikariDataSource       : HikariPool-1 - Shutdown initiated...
2020-02-19 18:59:18.298  INFO 9764 --- [Thread-5] com.zaxxer.hikari.HikariDataSource       : HikariPool-1 - Shutdown completed.
2020-02-19 18:59:20.481  INFO 9764 --- [restartedMain] c.m.project.MindtreeProjectApplication   : Starting MindtreeProjectApplication on LAPTOP-72PM7L6N with PID 9764 (started by royba in C:\Software\Mindtree Project\sollersrepository\mtapp)
2020-02-19 18:59:20.485  INFO 9764 --- [restartedMain] c.m.project.MindtreeProjectApplication   : No active profile set, falling back to default profiles: default
2020-02-19 18:59:23.942  INFO 9764 --- [restartedMain] o.apache.catalina.core.StandardService   : Starting service [Tomcat]
2020-02-19 18:59:23.945  INFO 9764 --- [restartedMain] org.apache.catalina.core.StandardEngine  : Starting Servlet engine: [Apache Tomcat/9.0.30]
2020-02-19 18:59:24.087  INFO 9764 --- [restartedMain] o.a.c.c.C.[Tomcat].[localhost].[/]       : Initializing Spring embedded WebApplicationContext
2020-02-19 18:59:24.643  INFO 9764 --- [restartedMain] com.zaxxer.hikari.HikariDataSource       : HikariPool-2 - Starting...
2020-02-19 18:59:24.979  INFO 9764 --- [restartedMain] com.zaxxer.hikari.HikariDataSource       : HikariPool-2 - Start completed.
2020-02-19 18:59:26.993  INFO 9764 --- [restartedMain] c.m.project.MindtreeProjectApplication   : Started MindtreeProjectApplication in 6.738 seconds (JVM running for 156.394)
2020-02-19 18:59:47.949  INFO 9764 --- [http-nio-8080-exec-10] o.a.c.c.C.[Tomcat].[localhost].[/]       : Initializing Spring DispatcherServlet 'dispatcherServlet'
2020-02-19 19:02:20.696  INFO 9764 --- [Thread-9] com.zaxxer.hikari.HikariDataSource       : HikariPool-2 - Shutdown initiated...
2020-02-19 19:02:20.873  INFO 9764 --- [Thread-9] com.zaxxer.hikari.HikariDataSource       : HikariPool-2 - Shutdown completed.
2020-02-19 19:02:23.088  INFO 9764 --- [restartedMain] c.m.project.MindtreeProjectApplication   : Starting MindtreeProjectApplication on LAPTOP-72PM7L6N with PID 9764 (started by royba in C:\Software\Mindtree Project\sollersrepository\mtapp)
2020-02-19 19:02:23.092  INFO 9764 --- [restartedMain] c.m.project.MindtreeProjectApplication   : No active profile set, falling back to default profiles: default
2020-02-19 19:02:25.415  INFO 9764 --- [restartedMain] o.apache.catalina.core.StandardService   : Starting service [Tomcat]
2020-02-19 19:02:25.419  INFO 9764 --- [restartedMain] org.apache.catalina.core.StandardEngine  : Starting Servlet engine: [Apache Tomcat/9.0.30]
2020-02-19 19:02:25.474  INFO 9764 --- [restartedMain] o.a.c.c.C.[Tomcat].[localhost].[/]       : Initializing Spring embedded WebApplicationContext
2020-02-19 19:02:25.798  INFO 9764 --- [restartedMain] com.zaxxer.hikari.HikariDataSource       : HikariPool-3 - Starting...
2020-02-19 19:02:26.026  INFO 9764 --- [restartedMain] com.zaxxer.hikari.HikariDataSource       : HikariPool-3 - Start completed.
2020-02-19 19:02:27.830  INFO 9764 --- [restartedMain] c.m.project.MindtreeProjectApplication   : Started MindtreeProjectApplication in 4.974 seconds (JVM running for 337.233)
2020-02-19 19:06:58.012  INFO 9764 --- [http-nio-8080-exec-1] o.a.c.c.C.[Tomcat].[localhost].[/]       : Initializing Spring DispatcherServlet 'dispatcherServlet'
2020-02-19 20:04:23.670  INFO 12284 --- [main] c.m.p.test.CalculationServiceImplTest    : Starting CalculationServiceImplTest on LAPTOP-72PM7L6N with PID 12284 (started by royba in C:\Software\Mindtree Project\sollersrepository\mtapp)
2020-02-19 20:04:23.695  INFO 12284 --- [main] c.m.p.test.CalculationServiceImplTest    : No active profile set, falling back to default profiles: default
2020-02-19 20:04:33.863  INFO 12284 --- [main] com.zaxxer.hikari.HikariDataSource       : HikariPool-1 - Starting...
2020-02-19 20:04:38.293  INFO 12284 --- [main] com.zaxxer.hikari.HikariDataSource       : HikariPool-1 - Start completed.
2020-02-19 20:04:50.911  INFO 12284 --- [main] c.m.p.test.CalculationServiceImplTest    : Started CalculationServiceImplTest in 28.937 seconds (JVM running for 33.735)
2020-02-19 20:04:52.179  INFO 12284 --- [SpringContextShutdownHook] com.zaxxer.hikari.HikariDataSource       : HikariPool-1 - Shutdown initiated...
2020-02-19 20:04:52.221  INFO 12284 --- [SpringContextShutdownHook] com.zaxxer.hikari.HikariDataSource       : HikariPool-1 - Shutdown completed.
2020-02-19 20:27:23.016  INFO 12360 --- [restartedMain] c.m.project.MindtreeProjectApplication   : Starting MindtreeProjectApplication on LAPTOP-72PM7L6N with PID 12360 (started by royba in C:\Software\Mindtree Project\sollersrepository\mtapp)
2020-02-19 20:27:23.026  INFO 12360 --- [restartedMain] c.m.project.MindtreeProjectApplication   : No active profile set, falling back to default profiles: default
2020-02-19 20:27:31.984  INFO 12360 --- [restartedMain] o.apache.catalina.core.StandardService   : Starting service [Tomcat]
2020-02-19 20:27:31.986  INFO 12360 --- [restartedMain] org.apache.catalina.core.StandardEngine  : Starting Servlet engine: [Apache Tomcat/9.0.30]
2020-02-19 20:27:32.499  INFO 12360 --- [restartedMain] o.a.c.c.C.[Tomcat].[localhost].[/]       : Initializing Spring embedded WebApplicationContext
2020-02-19 20:27:36.348  INFO 12360 --- [restartedMain] com.zaxxer.hikari.HikariDataSource       : HikariPool-1 - Starting...
2020-02-19 20:27:38.194  INFO 12360 --- [restartedMain] com.zaxxer.hikari.HikariDataSource       : HikariPool-1 - Start completed.
2020-02-19 20:27:49.429  INFO 12360 --- [restartedMain] c.m.project.MindtreeProjectApplication   : Started MindtreeProjectApplication in 28.373 seconds (JVM running for 30.013)
2020-02-19 20:28:36.028  INFO 12360 --- [http-nio-8080-exec-1] o.a.c.c.C.[Tomcat].[localhost].[/]       : Initializing Spring DispatcherServlet 'dispatcherServlet'
2020-02-19 21:54:20.500  INFO 12360 --- [Thread-5] com.zaxxer.hikari.HikariDataSource       : HikariPool-1 - Shutdown initiated...
2020-02-19 21:54:20.653  INFO 12360 --- [Thread-5] com.zaxxer.hikari.HikariDataSource       : HikariPool-1 - Shutdown completed.
2020-02-19 21:54:24.508  INFO 12360 --- [restartedMain] c.m.project.MindtreeProjectApplication   : Starting MindtreeProjectApplication on LAPTOP-72PM7L6N with PID 12360 (started by royba in C:\Software\Mindtree Project\sollersrepository\mtapp)
2020-02-19 21:54:24.511  INFO 12360 --- [restartedMain] c.m.project.MindtreeProjectApplication   : No active profile set, falling back to default profiles: default
2020-02-19 21:58:20.860  INFO 20176 --- [restartedMain] c.m.project.MindtreeProjectApplication   : Starting MindtreeProjectApplication on LAPTOP-72PM7L6N with PID 20176 (started by royba in C:\Software\Mindtree Project\sollersrepository\mtapp)
2020-02-19 21:58:20.870  INFO 20176 --- [restartedMain] c.m.project.MindtreeProjectApplication   : No active profile set, falling back to default profiles: default
2020-02-19 21:58:32.599  INFO 20176 --- [restartedMain] o.apache.catalina.core.StandardService   : Starting service [Tomcat]
2020-02-19 21:58:32.601  INFO 20176 --- [restartedMain] org.apache.catalina.core.StandardEngine  : Starting Servlet engine: [Apache Tomcat/9.0.30]
2020-02-19 21:58:33.137  INFO 20176 --- [restartedMain] o.a.c.c.C.[Tomcat].[localhost].[/]       : Initializing Spring embedded WebApplicationContext
2020-02-19 21:58:37.491  INFO 20176 --- [restartedMain] com.zaxxer.hikari.HikariDataSource       : HikariPool-1 - Starting...
2020-02-19 21:58:39.357  INFO 20176 --- [restartedMain] com.zaxxer.hikari.HikariDataSource       : HikariPool-1 - Start completed.
2020-02-19 21:58:49.318  INFO 20176 --- [restartedMain] c.m.project.MindtreeProjectApplication   : Started MindtreeProjectApplication in 31.653 seconds (JVM running for 33.938)
2020-02-19 22:05:27.462  INFO 20176 --- [Thread-5] com.zaxxer.hikari.HikariDataSource       : HikariPool-1 - Shutdown initiated...
2020-02-19 22:05:27.592  INFO 20176 --- [Thread-5] com.zaxxer.hikari.HikariDataSource       : HikariPool-1 - Shutdown completed.
2020-02-19 22:05:29.491  INFO 20176 --- [restartedMain] c.m.project.MindtreeProjectApplication   : Starting MindtreeProjectApplication on LAPTOP-72PM7L6N with PID 20176 (started by royba in C:\Software\Mindtree Project\sollersrepository\mtapp)
2020-02-19 22:05:29.494  INFO 20176 --- [restartedMain] c.m.project.MindtreeProjectApplication   : No active profile set, falling back to default profiles: default
2020-02-19 22:05:33.956  INFO 20176 --- [restartedMain] o.apache.catalina.core.StandardService   : Starting service [Tomcat]
2020-02-19 22:05:33.961  INFO 20176 --- [restartedMain] org.apache.catalina.core.StandardEngine  : Starting Servlet engine: [Apache Tomcat/9.0.30]
2020-02-19 22:05:34.100  INFO 20176 --- [restartedMain] o.a.c.c.C.[Tomcat].[localhost].[/]       : Initializing Spring embedded WebApplicationContext
2020-02-19 22:05:35.563  INFO 20176 --- [restartedMain] com.zaxxer.hikari.HikariDataSource       : HikariPool-2 - Starting...
2020-02-19 22:05:35.701  INFO 20176 --- [restartedMain] com.zaxxer.hikari.HikariDataSource       : HikariPool-2 - Start completed.
2020-02-19 22:05:37.532  INFO 20176 --- [restartedMain] c.m.project.MindtreeProjectApplication   : Started MindtreeProjectApplication in 8.355 seconds (JVM running for 442.152)
2020-02-19 22:06:14.304  INFO 20176 --- [http-nio-8080-exec-10] o.a.c.c.C.[Tomcat].[localhost].[/]       : Initializing Spring DispatcherServlet 'dispatcherServlet'
2020-02-19 22:32:13.218  INFO 21284 --- [restartedMain] c.m.project.MindtreeProjectApplication   : Starting MindtreeProjectApplication on LAPTOP-72PM7L6N with PID 21284 (started by royba in C:\Software\Mindtree Project\sollersrepository\mtapp)
2020-02-19 22:32:13.239  INFO 21284 --- [restartedMain] c.m.project.MindtreeProjectApplication   : No active profile set, falling back to default profiles: default
2020-02-19 22:32:25.464  INFO 21284 --- [restartedMain] o.apache.catalina.core.StandardService   : Starting service [Tomcat]
2020-02-19 22:32:25.466  INFO 21284 --- [restartedMain] org.apache.catalina.core.StandardEngine  : Starting Servlet engine: [Apache Tomcat/9.0.30]
2020-02-19 22:32:26.086  INFO 21284 --- [restartedMain] o.a.c.c.C.[Tomcat].[localhost].[/]       : Initializing Spring embedded WebApplicationContext
2020-02-19 22:32:30.803  INFO 21284 --- [restartedMain] com.zaxxer.hikari.HikariDataSource       : HikariPool-1 - Starting...
2020-02-19 22:32:33.123  INFO 21284 --- [restartedMain] com.zaxxer.hikari.HikariDataSource       : HikariPool-1 - Start completed.
2020-02-19 22:32:43.248  INFO 21284 --- [restartedMain] c.m.project.MindtreeProjectApplication   : Started MindtreeProjectApplication in 33.712 seconds (JVM running for 36.481)
2020-02-19 22:32:58.342  INFO 21284 --- [http-nio-8080-exec-1] o.a.c.c.C.[Tomcat].[localhost].[/]       : Initializing Spring DispatcherServlet 'dispatcherServlet'
2020-02-19 22:41:25.400  INFO 21284 --- [Thread-5] com.zaxxer.hikari.HikariDataSource       : HikariPool-1 - Shutdown initiated...
2020-02-19 22:41:25.669  INFO 21284 --- [Thread-5] com.zaxxer.hikari.HikariDataSource       : HikariPool-1 - Shutdown completed.
2020-02-19 22:41:28.669  INFO 21284 --- [restartedMain] c.m.project.MindtreeProjectApplication   : Starting MindtreeProjectApplication on LAPTOP-72PM7L6N with PID 21284 (started by royba in C:\Software\Mindtree Project\sollersrepository\mtapp)
2020-02-19 22:41:28.677  INFO 21284 --- [restartedMain] c.m.project.MindtreeProjectApplication   : No active profile set, falling back to default profiles: default
2020-02-19 22:41:31.883  INFO 21284 --- [restartedMain] o.apache.catalina.core.StandardService   : Starting service [Tomcat]
2020-02-19 22:41:31.887  INFO 21284 --- [restartedMain] org.apache.catalina.core.StandardEngine  : Starting Servlet engine: [Apache Tomcat/9.0.30]
2020-02-19 22:41:31.997  INFO 21284 --- [restartedMain] o.a.c.c.C.[Tomcat].[localhost].[/]       : Initializing Spring embedded WebApplicationContext
2020-02-19 22:41:32.738  INFO 21284 --- [restartedMain] com.zaxxer.hikari.HikariDataSource       : HikariPool-2 - Starting...
2020-02-19 22:41:32.852  INFO 21284 --- [restartedMain] com.zaxxer.hikari.HikariDataSource       : HikariPool-2 - Start completed.
2020-02-19 22:41:34.557  INFO 21284 --- [restartedMain] c.m.project.MindtreeProjectApplication   : Started MindtreeProjectApplication in 6.166 seconds (JVM running for 567.79)
2020-02-19 22:43:50.588  INFO 21284 --- [Thread-9] com.zaxxer.hikari.HikariDataSource       : HikariPool-2 - Shutdown initiated...
2020-02-19 22:43:50.704  INFO 21284 --- [Thread-9] com.zaxxer.hikari.HikariDataSource       : HikariPool-2 - Shutdown completed.
2020-02-19 22:43:56.778  INFO 21284 --- [restartedMain] c.m.project.MindtreeProjectApplication   : Starting MindtreeProjectApplication on LAPTOP-72PM7L6N with PID 21284 (started by royba in C:\Software\Mindtree Project\sollersrepository\mtapp)
2020-02-19 22:43:56.782  INFO 21284 --- [restartedMain] c.m.project.MindtreeProjectApplication   : No active profile set, falling back to default profiles: default
2020-02-19 22:44:01.297  INFO 21284 --- [restartedMain] o.apache.catalina.core.StandardService   : Starting service [Tomcat]
2020-02-19 22:44:01.297  INFO 21284 --- [restartedMain] org.apache.catalina.core.StandardEngine  : Starting Servlet engine: [Apache Tomcat/9.0.30]
2020-02-19 22:44:01.461  INFO 21284 --- [restartedMain] o.a.c.c.C.[Tomcat].[localhost].[/]       : Initializing Spring embedded WebApplicationContext
2020-02-19 22:44:03.919  INFO 21284 --- [restartedMain] com.zaxxer.hikari.HikariDataSource       : HikariPool-3 - Starting...
2020-02-19 22:44:04.015  INFO 21284 --- [restartedMain] com.zaxxer.hikari.HikariDataSource       : HikariPool-3 - Start completed.
2020-02-19 22:44:05.636  INFO 21284 --- [restartedMain] c.m.project.MindtreeProjectApplication   : Started MindtreeProjectApplication in 11.19 seconds (JVM running for 718.871)
2020-02-19 22:44:24.489  INFO 21284 --- [http-nio-8080-exec-1] o.a.c.c.C.[Tomcat].[localhost].[/]       : Initializing Spring DispatcherServlet 'dispatcherServlet'
2020-02-19 22:46:36.799  INFO 21284 --- [Thread-14] com.zaxxer.hikari.HikariDataSource       : HikariPool-3 - Shutdown initiated...
2020-02-19 22:46:36.945  INFO 21284 --- [Thread-14] com.zaxxer.hikari.HikariDataSource       : HikariPool-3 - Shutdown completed.
2020-02-19 22:46:39.570  INFO 21284 --- [restartedMain] c.m.project.MindtreeProjectApplication   : Starting MindtreeProjectApplication on LAPTOP-72PM7L6N with PID 21284 (started by royba in C:\Software\Mindtree Project\sollersrepository\mtapp)
2020-02-19 22:46:39.570  INFO 21284 --- [restartedMain] c.m.project.MindtreeProjectApplication   : No active profile set, falling back to default profiles: default
2020-02-19 22:46:41.950  INFO 21284 --- [restartedMain] o.apache.catalina.core.StandardService   : Starting service [Tomcat]
2020-02-19 22:46:41.952  INFO 21284 --- [restartedMain] org.apache.catalina.core.StandardEngine  : Starting Servlet engine: [Apache Tomcat/9.0.30]
2020-02-19 22:46:42.025  INFO 21284 --- [restartedMain] o.a.c.c.C.[Tomcat].[localhost].[/]       : Initializing Spring embedded WebApplicationContext
2020-02-19 22:46:42.325  INFO 21284 --- [restartedMain] com.zaxxer.hikari.HikariDataSource       : HikariPool-4 - Starting...
2020-02-19 22:46:42.445  INFO 21284 --- [restartedMain] com.zaxxer.hikari.HikariDataSource       : HikariPool-4 - Start completed.
2020-02-19 22:46:43.693  INFO 21284 --- [restartedMain] c.m.project.MindtreeProjectApplication   : Started MindtreeProjectApplication in 4.334 seconds (JVM running for 876.926)
2020-02-19 22:46:51.294  INFO 21284 --- [http-nio-8080-exec-10] o.a.c.c.C.[Tomcat].[localhost].[/]       : Initializing Spring DispatcherServlet 'dispatcherServlet'
